Build started 2013/3/28 下午 04:18:37.
     1>Project "D:\Project\opencl-book-samples\build_vs2010\src\Chapter_11\D3Dinterop\D3Dinterop.vcxproj" on node 2 (build target(s)).
     1>PrepareForBuild:
         Creating directory "D:\Project\opencl-book-samples\build_vs2010\src\Chapter_11\D3Dinterop\Debug\".
       InitializeBuildStatus:
         Creating "D3Dinterop.dir\Debug\D3Dinterop.unsuccessfulbuild" because "AlwaysCreate" was specified.
       CustomBuild:
         Building Custom Rule D:/Project/opencl-book-samples/src/Chapter_11/D3Dinterop/CMakeLists.txt
         CMake does not need to re-run because D:\Project\opencl-book-samples\build_vs2010\src\Chapter_11\D3Dinterop\CMakeFiles\generate.stamp is up-to-date.
       ClCompile:
         C:\Program Files (x86)\Microsoft Visual Studio 10.0\VC\bin\CL.exe /c /I"C:/Program Files/NVIDIA GPU Computing Toolkit/CUDA/v5.0/include" /I"D:/Project/opencl-book-samples/khronos" /I"C:/Program Files (x86)/Microsoft DirectX SDK (June 2010)/Include" /Zi /nologo /W3 /WX- /Od /Ob0 /Oy- /D WIN32 /D _WINDOWS /D _DEBUG /D UNICODE /D _UNICODE /D "CMAKE_INTDIR=\"Debug\"" /D _UNICODE /D UNICODE /Gm- /EHsc /RTC1 /MDd /GS /fp:precise /Zc:wchar_t /Zc:forScope /GR /Fo"D3Dinterop.dir\Debug\\" /Fd"D:/Project/opencl-book-samples/build_vs2010/src/Chapter_11/D3Dinterop/Debug/D3Dinterop.pdb" /Gd /TP /analyze- /errorReport:prompt ..\..\..\..\src\Chapter_11\D3Dinterop\D3Dinterop.cpp  /Zm1000 
         D3Dinterop.cpp
     1>..\..\..\..\src\Chapter_11\D3Dinterop\D3Dinterop.cpp(26): warning C4068: unknown pragma
       ManifestResourceCompile:
         C:\Program Files (x86)\Microsoft SDKs\Windows\v7.0A\bin\rc.exe /nologo /fo"D3Dinterop.dir\Debug\D3Dinterop.exe.embed.manifest.res" D3Dinterop.dir\Debug\D3Dinterop_manifest.rc 
       Link:
         C:\Program Files (x86)\Microsoft Visual Studio 10.0\VC\bin\link.exe /ERRORREPORT:PROMPT /OUT:"D:\Project\opencl-book-samples\build_vs2010\src\Chapter_11\D3Dinterop\Debug\D3Dinterop.exe" /INCREMENTAL /NOLOGO /LIBPATH:/shared/lib /LIBPATH:/shared/lib/Debug kernel32.lib user32.lib gdi32.lib winspool.lib shell32.lib ole32.lib oleaut32.lib uuid.lib comdlg32.lib advapi32.lib "C:\Program Files\NVIDIA GPU Computing Toolkit\CUDA\v5.0\lib\Win32\OpenCL.lib" "C:\Program Files (x86)\Microsoft DirectX SDK (June 2010)\Lib\x86\d3d10.lib" "C:\Program Files (x86)\Microsoft DirectX SDK (June 2010)\Lib\x86\d3dx10.lib" /MANIFEST /ManifestFile:"D3Dinterop.dir\Debug\D3Dinterop.exe.intermediate.manifest" /MANIFESTUAC:"level='asInvoker' uiAccess='false'" /DEBUG /PDB:"D:/Project/opencl-book-samples/build_vs2010/src/Chapter_11/D3Dinterop/Debug/D3Dinterop.pdb" /SUBSYSTEM:CONSOLE /STACK:"10000000" /TLBID:1 /DYNAMICBASE /NXCOMPAT /IMPLIB:"D:/Project/opencl-book-samples/build_vs2010/src/Chapter_11/D3Dinterop/Debug/D3Dinterop.lib" /MACHINE:X86 D3Dinterop.dir\Debug\D3Dinterop.exe.embed.manifest.res
         D3Dinterop.dir\Debug\D3Dinterop.obj  /machine:X86 /debug 
       Manifest:
         C:\Program Files (x86)\Microsoft SDKs\Windows\v7.0A\bin\mt.exe /nologo /verbose /out:"D3Dinterop.dir\Debug\D3Dinterop.exe.embed.manifest" /manifest D3Dinterop.dir\Debug\D3Dinterop.exe.intermediate.manifest
         C:\Program Files (x86)\Microsoft SDKs\Windows\v7.0A\bin\rc.exe /nologo /fo"D3Dinterop.dir\Debug\D3Dinterop.exe.embed.manifest.res" D3Dinterop.dir\Debug\D3Dinterop_manifest.rc 
       LinkEmbedManifest:
         C:\Program Files (x86)\Microsoft Visual Studio 10.0\VC\bin\link.exe /ERRORREPORT:PROMPT /OUT:"D:\Project\opencl-book-samples\build_vs2010\src\Chapter_11\D3Dinterop\Debug\D3Dinterop.exe" /INCREMENTAL /NOLOGO /LIBPATH:/shared/lib /LIBPATH:/shared/lib/Debug kernel32.lib user32.lib gdi32.lib winspool.lib shell32.lib ole32.lib oleaut32.lib uuid.lib comdlg32.lib advapi32.lib "C:\Program Files\NVIDIA GPU Computing Toolkit\CUDA\v5.0\lib\Win32\OpenCL.lib" "C:\Program Files (x86)\Microsoft DirectX SDK (June 2010)\Lib\x86\d3d10.lib" "C:\Program Files (x86)\Microsoft DirectX SDK (June 2010)\Lib\x86\d3dx10.lib" /MANIFEST /ManifestFile:"D3Dinterop.dir\Debug\D3Dinterop.exe.intermediate.manifest" /MANIFESTUAC:"level='asInvoker' uiAccess='false'" /DEBUG /PDB:"D:/Project/opencl-book-samples/build_vs2010/src/Chapter_11/D3Dinterop/Debug/D3Dinterop.pdb" /SUBSYSTEM:CONSOLE /STACK:"10000000" /TLBID:1 /DYNAMICBASE /NXCOMPAT /IMPLIB:"D:/Project/opencl-book-samples/build_vs2010/src/Chapter_11/D3Dinterop/Debug/D3Dinterop.lib" /MACHINE:X86 D3Dinterop.dir\Debug\D3Dinterop.exe.embed.manifest.res
         D3Dinterop.dir\Debug\D3Dinterop.obj  /machine:X86 /debug 
         D3Dinterop.vcxproj -> D:\Project\opencl-book-samples\build_vs2010\src\Chapter_11\D3Dinterop\Debug\D3Dinterop.exe
       FinalizeBuildStatus:
         Deleting file "D3Dinterop.dir\Debug\D3Dinterop.unsuccessfulbuild".
         Touching "D3Dinterop.dir\Debug\D3Dinterop.lastbuildstate".
     1>Done Building Project "D:\Project\opencl-book-samples\build_vs2010\src\Chapter_11\D3Dinterop\D3Dinterop.vcxproj" (build target(s)).

Build succeeded.

Time Elapsed 00:00:01.87
