D:\PROJECT\OPENCL-BOOK-SAMPLES\BUILD_VS2010\SRC\CHAPTER_2\HELLOWORLD\CMAKEFILES\GENERATE.STAMP
D:\PROJECT\OPENCL-BOOK-SAMPLES\BUILD_VS2010\SRC\CHAPTER_2\HELLOWORLD\DEBUG\HELLOWORLD.EXE
D:\PROJECT\OPENCL-BOOK-SAMPLES\BUILD_VS2010\SRC\CHAPTER_2\HELLOWORLD\DEBUG\HELLOWORLD.ILK
D:\PROJECT\OPENCL-BOOK-SAMPLES\BUILD_VS2010\SRC\CHAPTER_2\HELLOWORLD\DEBUG\HELLOWORLD.PDB
D:\Project\opencl-book-samples\build_vs2010\src\Chapter_2\HelloWorld\HelloWorld.dir\Debug\cl.command.1.tlog
D:\Project\opencl-book-samples\build_vs2010\src\Chapter_2\HelloWorld\HelloWorld.dir\Debug\CL.read.1.tlog
D:\Project\opencl-book-samples\build_vs2010\src\Chapter_2\HelloWorld\HelloWorld.dir\Debug\CL.write.1.tlog
D:\Project\opencl-book-samples\build_vs2010\src\Chapter_2\HelloWorld\HelloWorld.dir\Debug\custombuild.command.1.tlog
D:\Project\opencl-book-samples\build_vs2010\src\Chapter_2\HelloWorld\HelloWorld.dir\Debug\custombuild.read.1.tlog
D:\Project\opencl-book-samples\build_vs2010\src\Chapter_2\HelloWorld\HelloWorld.dir\Debug\custombuild.write.1.tlog
D:\PROJECT\OPENCL-BOOK-SAMPLES\BUILD_VS2010\SRC\CHAPTER_2\HELLOWORLD\HELLOWORLD.DIR\DEBUG\HELLOWORLD.EXE.EMBED.MANIFEST
D:\PROJECT\OPENCL-BOOK-SAMPLES\BUILD_VS2010\SRC\CHAPTER_2\HELLOWORLD\HELLOWORLD.DIR\DEBUG\HELLOWORLD.EXE.EMBED.MANIFEST.RES
D:\PROJECT\OPENCL-BOOK-SAMPLES\BUILD_VS2010\SRC\CHAPTER_2\HELLOWORLD\HELLOWORLD.DIR\DEBUG\HELLOWORLD.EXE.INTERMEDIATE.MANIFEST
D:\PROJECT\OPENCL-BOOK-SAMPLES\BUILD_VS2010\SRC\CHAPTER_2\HELLOWORLD\HELLOWORLD.DIR\DEBUG\HELLOWORLD.OBJ
D:\Project\opencl-book-samples\build_vs2010\src\Chapter_2\HelloWorld\HelloWorld.dir\Debug\HelloWorld.write.1.tlog
D:\Project\opencl-book-samples\build_vs2010\src\Chapter_2\HelloWorld\HelloWorld.dir\Debug\HelloWorld_manifest.rc
D:\Project\opencl-book-samples\build_vs2010\src\Chapter_2\HelloWorld\HelloWorld.dir\Debug\link.2528.read.1.tlog
D:\Project\opencl-book-samples\build_vs2010\src\Chapter_2\HelloWorld\HelloWorld.dir\Debug\link.2528.write.1.tlog
D:\Project\opencl-book-samples\build_vs2010\src\Chapter_2\HelloWorld\HelloWorld.dir\Debug\link.2528-cvtres.read.1.tlog
D:\Project\opencl-book-samples\build_vs2010\src\Chapter_2\HelloWorld\HelloWorld.dir\Debug\link.2528-cvtres.write.1.tlog
D:\Project\opencl-book-samples\build_vs2010\src\Chapter_2\HelloWorld\HelloWorld.dir\Debug\link.command.1.tlog
D:\Project\opencl-book-samples\build_vs2010\src\Chapter_2\HelloWorld\HelloWorld.dir\Debug\link.read.1.tlog
D:\Project\opencl-book-samples\build_vs2010\src\Chapter_2\HelloWorld\HelloWorld.dir\Debug\link.write.1.tlog
D:\Project\opencl-book-samples\build_vs2010\src\Chapter_2\HelloWorld\HelloWorld.dir\Debug\link-cvtres.read.1.tlog
D:\Project\opencl-book-samples\build_vs2010\src\Chapter_2\HelloWorld\HelloWorld.dir\Debug\link-cvtres.write.1.tlog
D:\Project\opencl-book-samples\build_vs2010\src\Chapter_2\HelloWorld\HelloWorld.dir\Debug\mt.command.1.tlog
D:\Project\opencl-book-samples\build_vs2010\src\Chapter_2\HelloWorld\HelloWorld.dir\Debug\mt.read.1.tlog
D:\Project\opencl-book-samples\build_vs2010\src\Chapter_2\HelloWorld\HelloWorld.dir\Debug\mt.write.1.tlog
D:\Project\opencl-book-samples\build_vs2010\src\Chapter_2\HelloWorld\HelloWorld.dir\Debug\rc.command.1.tlog
D:\Project\opencl-book-samples\build_vs2010\src\Chapter_2\HelloWorld\HelloWorld.dir\Debug\rc.read.1.tlog
D:\Project\opencl-book-samples\build_vs2010\src\Chapter_2\HelloWorld\HelloWorld.dir\Debug\rc.write.1.tlog
