Build started 2013/4/8 下午 01:25:43.
     1>Project "D:\Project\opencl-book-samples\build_vs2010\src\Chapter_2\HelloWorld\HelloWorld.vcxproj" on node 3 (build target(s)).
     1>InitializeBuildStatus:
         Creating "HelloWorld.dir\Debug\HelloWorld.unsuccessfulbuild" because "AlwaysCreate" was specified.
       CustomBuild:
         All outputs are up-to-date.
       ClCompile:
         C:\Program Files (x86)\Microsoft Visual Studio 10.0\VC\bin\CL.exe /c /I"C:/Program Files/NVIDIA GPU Computing Toolkit/CUDA/v5.0/include" /I"D:/Project/opencl-book-samples/khronos" /Zi /nologo /W3 /WX- /Od /Ob0 /Oy- /D WIN32 /D _WINDOWS /D _DEBUG /D "CMAKE_INTDIR=\"Debug\"" /D _MBCS /Gm- /EHsc /RTC1 /MDd /GS /fp:precise /Zc:wchar_t /Zc:forScope /GR /Fo"HelloWorld.dir\Debug\\" /Fd"D:/Project/opencl-book-samples/build_vs2010/src/Chapter_2/HelloWorld/Debug/HelloWorld.pdb" /Gd /TP /analyze- /errorReport:prompt ..\..\..\..\src\Chapter_2\HelloWorld\HelloWorld.cpp  /Zm1000 
         HelloWorld.cpp
       ManifestResourceCompile:
         C:\Program Files (x86)\Microsoft SDKs\Windows\v7.0A\bin\rc.exe /nologo /fo"HelloWorld.dir\Debug\HelloWorld.exe.embed.manifest.res" HelloWorld.dir\Debug\HelloWorld_manifest.rc 
       Link:
         C:\Program Files (x86)\Microsoft Visual Studio 10.0\VC\bin\link.exe /ERRORREPORT:PROMPT /OUT:"D:\Project\opencl-book-samples\build_vs2010\src\Chapter_2\HelloWorld\Debug\HelloWorld.exe" /INCREMENTAL /NOLOGO kernel32.lib user32.lib gdi32.lib winspool.lib shell32.lib ole32.lib oleaut32.lib uuid.lib comdlg32.lib advapi32.lib "C:\Program Files\NVIDIA GPU Computing Toolkit\CUDA\v5.0\lib\Win32\OpenCL.lib" /MANIFEST /ManifestFile:"HelloWorld.dir\Debug\HelloWorld.exe.intermediate.manifest" /MANIFESTUAC:"level='asInvoker' uiAccess='false'" /DEBUG /PDB:"D:/Project/opencl-book-samples/build_vs2010/src/Chapter_2/HelloWorld/Debug/HelloWorld.pdb" /SUBSYSTEM:CONSOLE /STACK:"10000000" /TLBID:1 /DYNAMICBASE /NXCOMPAT /IMPLIB:"D:/Project/opencl-book-samples/build_vs2010/src/Chapter_2/HelloWorld/Debug/HelloWorld.lib" /MACHINE:X86 HelloWorld.dir\Debug\HelloWorld.exe.embed.manifest.res
         HelloWorld.dir\Debug\HelloWorld.obj  /machine:X86 /debug 
       Manifest:
         C:\Program Files (x86)\Microsoft SDKs\Windows\v7.0A\bin\mt.exe /nologo /verbose /out:"HelloWorld.dir\Debug\HelloWorld.exe.embed.manifest" /manifest HelloWorld.dir\Debug\HelloWorld.exe.intermediate.manifest
         All outputs are up-to-date.
       LinkEmbedManifest:
         All outputs are up-to-date.
         HelloWorld.vcxproj -> D:\Project\opencl-book-samples\build_vs2010\src\Chapter_2\HelloWorld\Debug\HelloWorld.exe
       FinalizeBuildStatus:
         Deleting file "HelloWorld.dir\Debug\HelloWorld.unsuccessfulbuild".
         Touching "HelloWorld.dir\Debug\HelloWorld.lastbuildstate".
     1>Done Building Project "D:\Project\opencl-book-samples\build_vs2010\src\Chapter_2\HelloWorld\HelloWorld.vcxproj" (build target(s)).

Build succeeded.

Time Elapsed 00:00:01.60
