Build started 2013/3/28 下午 04:18:37.
     1>Project "D:\Project\opencl-book-samples\build_vs2010\src\Chapter_6\HelloBinaryWorld\HelloBinaryWorld.vcxproj" on node 5 (build target(s)).
     1>PrepareForBuild:
         Creating directory "D:\Project\opencl-book-samples\build_vs2010\src\Chapter_6\HelloBinaryWorld\Debug\".
       InitializeBuildStatus:
         Creating "HelloBinaryWorld.dir\Debug\HelloBinaryWorld.unsuccessfulbuild" because "AlwaysCreate" was specified.
       CustomBuild:
         Building Custom Rule D:/Project/opencl-book-samples/src/Chapter_6/HelloBinaryWorld/CMakeLists.txt
         CMake does not need to re-run because D:\Project\opencl-book-samples\build_vs2010\src\Chapter_6\HelloBinaryWorld\CMakeFiles\generate.stamp is up-to-date.
       ClCompile:
         C:\Program Files (x86)\Microsoft Visual Studio 10.0\VC\bin\CL.exe /c /I"C:/Program Files/NVIDIA GPU Computing Toolkit/CUDA/v5.0/include" /I"D:/Project/opencl-book-samples/khronos" /Zi /nologo /W3 /WX- /Od /Ob0 /Oy- /D WIN32 /D _WINDOWS /D _DEBUG /D "CMAKE_INTDIR=\"Debug\"" /D _MBCS /Gm- /EHsc /RTC1 /MDd /GS /fp:precise /Zc:wchar_t /Zc:forScope /GR /Fo"HelloBinaryWorld.dir\Debug\\" /Fd"D:/Project/opencl-book-samples/build_vs2010/src/Chapter_6/HelloBinaryWorld/Debug/HelloBinaryWorld.pdb" /Gd /TP /analyze- /errorReport:prompt ..\..\..\..\src\Chapter_6\HelloBinaryWorld\HelloBinaryWorld.cpp  /Zm1000 
         HelloBinaryWorld.cpp
     1>..\..\..\..\src\Chapter_6\HelloBinaryWorld\HelloBinaryWorld.cpp(182): warning C4996: 'fopen': This function or variable may be unsafe. Consider using fopen_s instead. To disable deprecation, use _CRT_SECURE_NO_WARNINGS. See online help for details.
                 C:\Program Files (x86)\Microsoft Visual Studio 10.0\VC\include\stdio.h(234) : see declaration of 'fopen'
     1>..\..\..\..\src\Chapter_6\HelloBinaryWorld\HelloBinaryWorld.cpp(313): warning C4996: 'fopen': This function or variable may be unsafe. Consider using fopen_s instead. To disable deprecation, use _CRT_SECURE_NO_WARNINGS. See online help for details.
                 C:\Program Files (x86)\Microsoft Visual Studio 10.0\VC\include\stdio.h(234) : see declaration of 'fopen'
       ManifestResourceCompile:
         C:\Program Files (x86)\Microsoft SDKs\Windows\v7.0A\bin\rc.exe /nologo /fo"HelloBinaryWorld.dir\Debug\HelloBinaryWorld.exe.embed.manifest.res" HelloBinaryWorld.dir\Debug\HelloBinaryWorld_manifest.rc 
       Link:
         C:\Program Files (x86)\Microsoft Visual Studio 10.0\VC\bin\link.exe /ERRORREPORT:PROMPT /OUT:"D:\Project\opencl-book-samples\build_vs2010\src\Chapter_6\HelloBinaryWorld\Debug\HelloBinaryWorld.exe" /INCREMENTAL /NOLOGO kernel32.lib user32.lib gdi32.lib winspool.lib shell32.lib ole32.lib oleaut32.lib uuid.lib comdlg32.lib advapi32.lib "C:\Program Files\NVIDIA GPU Computing Toolkit\CUDA\v5.0\lib\Win32\OpenCL.lib" /MANIFEST /ManifestFile:"HelloBinaryWorld.dir\Debug\HelloBinaryWorld.exe.intermediate.manifest" /MANIFESTUAC:"level='asInvoker' uiAccess='false'" /DEBUG /PDB:"D:/Project/opencl-book-samples/build_vs2010/src/Chapter_6/HelloBinaryWorld/Debug/HelloBinaryWorld.pdb" /SUBSYSTEM:CONSOLE /STACK:"10000000" /TLBID:1 /DYNAMICBASE /NXCOMPAT /IMPLIB:"D:/Project/opencl-book-samples/build_vs2010/src/Chapter_6/HelloBinaryWorld/Debug/HelloBinaryWorld.lib" /MACHINE:X86 HelloBinaryWorld.dir\Debug\HelloBinaryWorld.exe.embed.manifest.res
         HelloBinaryWorld.dir\Debug\HelloBinaryWorld.obj  /machine:X86 /debug 
       Manifest:
         C:\Program Files (x86)\Microsoft SDKs\Windows\v7.0A\bin\mt.exe /nologo /verbose /out:"HelloBinaryWorld.dir\Debug\HelloBinaryWorld.exe.embed.manifest" /manifest HelloBinaryWorld.dir\Debug\HelloBinaryWorld.exe.intermediate.manifest
         C:\Program Files (x86)\Microsoft SDKs\Windows\v7.0A\bin\rc.exe /nologo /fo"HelloBinaryWorld.dir\Debug\HelloBinaryWorld.exe.embed.manifest.res" HelloBinaryWorld.dir\Debug\HelloBinaryWorld_manifest.rc 
       LinkEmbedManifest:
         C:\Program Files (x86)\Microsoft Visual Studio 10.0\VC\bin\link.exe /ERRORREPORT:PROMPT /OUT:"D:\Project\opencl-book-samples\build_vs2010\src\Chapter_6\HelloBinaryWorld\Debug\HelloBinaryWorld.exe" /INCREMENTAL /NOLOGO kernel32.lib user32.lib gdi32.lib winspool.lib shell32.lib ole32.lib oleaut32.lib uuid.lib comdlg32.lib advapi32.lib "C:\Program Files\NVIDIA GPU Computing Toolkit\CUDA\v5.0\lib\Win32\OpenCL.lib" /MANIFEST /ManifestFile:"HelloBinaryWorld.dir\Debug\HelloBinaryWorld.exe.intermediate.manifest" /MANIFESTUAC:"level='asInvoker' uiAccess='false'" /DEBUG /PDB:"D:/Project/opencl-book-samples/build_vs2010/src/Chapter_6/HelloBinaryWorld/Debug/HelloBinaryWorld.pdb" /SUBSYSTEM:CONSOLE /STACK:"10000000" /TLBID:1 /DYNAMICBASE /NXCOMPAT /IMPLIB:"D:/Project/opencl-book-samples/build_vs2010/src/Chapter_6/HelloBinaryWorld/Debug/HelloBinaryWorld.lib" /MACHINE:X86 HelloBinaryWorld.dir\Debug\HelloBinaryWorld.exe.embed.manifest.res
         HelloBinaryWorld.dir\Debug\HelloBinaryWorld.obj  /machine:X86 /debug 
         HelloBinaryWorld.vcxproj -> D:\Project\opencl-book-samples\build_vs2010\src\Chapter_6\HelloBinaryWorld\Debug\HelloBinaryWorld.exe
       FinalizeBuildStatus:
         Deleting file "HelloBinaryWorld.dir\Debug\HelloBinaryWorld.unsuccessfulbuild".
         Touching "HelloBinaryWorld.dir\Debug\HelloBinaryWorld.lastbuildstate".
     1>Done Building Project "D:\Project\opencl-book-samples\build_vs2010\src\Chapter_6\HelloBinaryWorld\HelloBinaryWorld.vcxproj" (build target(s)).

Build succeeded.

Time Elapsed 00:00:01.43
