Build started 2013/3/28 下午 04:18:35.
     1>Project "D:\Project\opencl-book-samples\build_vs2010\src\Chapter_12\VectorAdd\vecadd.vcxproj" on node 4 (build target(s)).
     1>PrepareForBuild:
         Creating directory "D:\Project\opencl-book-samples\build_vs2010\src\Chapter_12\VectorAdd\Debug\".
       InitializeBuildStatus:
         Creating "vecadd.dir\Debug\vecadd.unsuccessfulbuild" because "AlwaysCreate" was specified.
       CustomBuild:
         Building Custom Rule D:/Project/opencl-book-samples/src/Chapter_12/VectorAdd/CMakeLists.txt
         CMake does not need to re-run because D:\Project\opencl-book-samples\build_vs2010\src\Chapter_12\VectorAdd\CMakeFiles\generate.stamp is up-to-date.
       ClCompile:
         C:\Program Files (x86)\Microsoft Visual Studio 10.0\VC\bin\CL.exe /c /I"C:/Program Files/NVIDIA GPU Computing Toolkit/CUDA/v5.0/include" /I"D:/Project/opencl-book-samples/khronos" /Zi /nologo /W3 /WX- /Od /Ob0 /Oy- /D WIN32 /D _WINDOWS /D _DEBUG /D "CMAKE_INTDIR=\"Debug\"" /D _MBCS /Gm- /EHsc /RTC1 /MDd /GS /fp:precise /Zc:wchar_t /Zc:forScope /GR /Fo"vecadd.dir\Debug\\" /Fd"D:/Project/opencl-book-samples/build_vs2010/src/Chapter_12/VectorAdd/Debug/vecadd.pdb" /Gd /TP /analyze- /errorReport:prompt ..\..\..\..\src\Chapter_12\VectorAdd\vecadd.cpp  /Zm1000 
         vecadd.cpp
     1>D:\Project\opencl-book-samples\khronos\CL/cl.hpp(1140): warning C4290: C++ exception specification ignored except to indicate a function is not __declspec(nothrow)
       ManifestResourceCompile:
         C:\Program Files (x86)\Microsoft SDKs\Windows\v7.0A\bin\rc.exe /nologo /fo"vecadd.dir\Debug\vecadd.exe.embed.manifest.res" vecadd.dir\Debug\vecadd_manifest.rc 
       Link:
         C:\Program Files (x86)\Microsoft Visual Studio 10.0\VC\bin\link.exe /ERRORREPORT:PROMPT /OUT:"D:\Project\opencl-book-samples\build_vs2010\src\Chapter_12\VectorAdd\Debug\vecadd.exe" /INCREMENTAL /NOLOGO kernel32.lib user32.lib gdi32.lib winspool.lib shell32.lib ole32.lib oleaut32.lib uuid.lib comdlg32.lib advapi32.lib "C:\Program Files\NVIDIA GPU Computing Toolkit\CUDA\v5.0\lib\Win32\OpenCL.lib" /MANIFEST /ManifestFile:"vecadd.dir\Debug\vecadd.exe.intermediate.manifest" /MANIFESTUAC:"level='asInvoker' uiAccess='false'" /DEBUG /PDB:"D:/Project/opencl-book-samples/build_vs2010/src/Chapter_12/VectorAdd/Debug/vecadd.pdb" /SUBSYSTEM:CONSOLE /STACK:"10000000" /TLBID:1 /DYNAMICBASE /NXCOMPAT /IMPLIB:"D:/Project/opencl-book-samples/build_vs2010/src/Chapter_12/VectorAdd/Debug/vecadd.lib" /MACHINE:X86 vecadd.dir\Debug\vecadd.exe.embed.manifest.res
         vecadd.dir\Debug\vecadd.obj  /machine:X86 /debug 
       Manifest:
         C:\Program Files (x86)\Microsoft SDKs\Windows\v7.0A\bin\mt.exe /nologo /verbose /out:"vecadd.dir\Debug\vecadd.exe.embed.manifest" /manifest vecadd.dir\Debug\vecadd.exe.intermediate.manifest
         C:\Program Files (x86)\Microsoft SDKs\Windows\v7.0A\bin\rc.exe /nologo /fo"vecadd.dir\Debug\vecadd.exe.embed.manifest.res" vecadd.dir\Debug\vecadd_manifest.rc 
       LinkEmbedManifest:
         C:\Program Files (x86)\Microsoft Visual Studio 10.0\VC\bin\link.exe /ERRORREPORT:PROMPT /OUT:"D:\Project\opencl-book-samples\build_vs2010\src\Chapter_12\VectorAdd\Debug\vecadd.exe" /INCREMENTAL /NOLOGO kernel32.lib user32.lib gdi32.lib winspool.lib shell32.lib ole32.lib oleaut32.lib uuid.lib comdlg32.lib advapi32.lib "C:\Program Files\NVIDIA GPU Computing Toolkit\CUDA\v5.0\lib\Win32\OpenCL.lib" /MANIFEST /ManifestFile:"vecadd.dir\Debug\vecadd.exe.intermediate.manifest" /MANIFESTUAC:"level='asInvoker' uiAccess='false'" /DEBUG /PDB:"D:/Project/opencl-book-samples/build_vs2010/src/Chapter_12/VectorAdd/Debug/vecadd.pdb" /SUBSYSTEM:CONSOLE /STACK:"10000000" /TLBID:1 /DYNAMICBASE /NXCOMPAT /IMPLIB:"D:/Project/opencl-book-samples/build_vs2010/src/Chapter_12/VectorAdd/Debug/vecadd.lib" /MACHINE:X86 vecadd.dir\Debug\vecadd.exe.embed.manifest.res
         vecadd.dir\Debug\vecadd.obj  /machine:X86 /debug 
         vecadd.vcxproj -> D:\Project\opencl-book-samples\build_vs2010\src\Chapter_12\VectorAdd\Debug\vecadd.exe
       FinalizeBuildStatus:
         Deleting file "vecadd.dir\Debug\vecadd.unsuccessfulbuild".
         Touching "vecadd.dir\Debug\vecadd.lastbuildstate".
     1>Done Building Project "D:\Project\opencl-book-samples\build_vs2010\src\Chapter_12\VectorAdd\vecadd.vcxproj" (build target(s)).

Build succeeded.

Time Elapsed 00:00:02.62
